2024-05-02T11:21:04.848+05:30  INFO 34648 --- [backendPatientsRecordSystem] [File Watcher] rtingClassPathChangeChangedEventListener : Restarting due to 3 class path changes (3 additions, 0 deletions, 0 modifications)
2024-05-02T11:21:04.856+05:30  INFO 34648 --- [backendPatientsRecordSystem] [Thread-19] j.LocalContainerEntityManagerFactoryBean : Closing JPA EntityManagerFactory for persistence unit 'default'
2024-05-02T11:21:04.856+05:30  INFO 34648 --- [backendPatientsRecordSystem] [Thread-19] com.zaxxer.hikari.HikariDataSource       : HikariPool-5 - Shutdown initiated...
2024-05-02T11:21:04.856+05:30  INFO 34648 --- [backendPatientsRecordSystem] [Thread-19] com.zaxxer.hikari.HikariDataSource       : HikariPool-5 - Shutdown completed.
2024-05-02T11:21:04.919+05:30  INFO 34648 --- [backendPatientsRecordSystem] [restartedMain] b.BackendPatientsRecordSystemApplication : Starting BackendPatientsRecordSystemApplication using Java 21.0.2 with PID 34648 (C:\Users\jsaks\OneDrive\Documents\Study\java\backendPatientsRecordSystem\target\classes started by jsaks in C:\Users\jsaks\OneDrive\Documents\Study\java\backendPatientsRecordSystem)
2024-05-02T11:21:04.924+05:30  INFO 34648 --- [backendPatientsRecordSystem] [restartedMain] b.BackendPatientsRecordSystemApplication : No active profile set, falling back to 1 default profile: "default"
2024-05-02T11:21:04.993+05:30  INFO 34648 --- [backendPatientsRecordSystem] [restartedMain] .s.d.r.c.RepositoryConfigurationDelegate : Bootstrapping Spring Data JPA repositories in DEFAULT mode.
2024-05-02T11:21:05.008+05:30  INFO 34648 --- [backendPatientsRecordSystem] [restartedMain] .s.d.r.c.RepositoryConfigurationDelegate : Finished Spring Data repository scanning in 7 ms. Found 3 JPA repository interfaces.
2024-05-02T11:21:05.060+05:30  INFO 34648 --- [backendPatientsRecordSystem] [restartedMain] o.s.b.w.embedded.tomcat.TomcatWebServer  : Tomcat initialized with port 8080 (http)
2024-05-02T11:21:05.062+05:30  INFO 34648 --- [backendPatientsRecordSystem] [restartedMain] o.apache.catalina.core.StandardService   : Starting service [Tomcat]
2024-05-02T11:21:05.062+05:30  INFO 34648 --- [backendPatientsRecordSystem] [restartedMain] o.apache.catalina.core.StandardEngine    : Starting Servlet engine: [Apache Tomcat/10.1.20]
2024-05-02T11:21:05.072+05:30  INFO 34648 --- [backendPatientsRecordSystem] [restartedMain] o.a.c.c.C.[Tomcat].[localhost].[/]       : Initializing Spring embedded WebApplicationContext
2024-05-02T11:21:05.072+05:30  INFO 34648 --- [backendPatientsRecordSystem] [restartedMain] w.s.c.ServletWebServerApplicationContext : Root WebApplicationContext: initialization completed in 148 ms
2024-05-02T11:21:05.088+05:30  INFO 34648 --- [backendPatientsRecordSystem] [restartedMain] o.hibernate.jpa.internal.util.LogHelper  : HHH000204: Processing PersistenceUnitInfo [name: default]
2024-05-02T11:21:05.088+05:30  INFO 34648 --- [backendPatientsRecordSystem] [restartedMain] o.h.c.internal.RegionFactoryInitiator    : HHH000026: Second-level cache disabled
2024-05-02T11:21:05.104+05:30  INFO 34648 --- [backendPatientsRecordSystem] [restartedMain] o.s.o.j.p.SpringPersistenceUnitInfo      : No LoadTimeWeaver setup: ignoring JPA class transformer
2024-05-02T11:21:05.104+05:30  INFO 34648 --- [backendPatientsRecordSystem] [restartedMain] com.zaxxer.hikari.HikariDataSource       : HikariPool-6 - Starting...
2024-05-02T11:21:05.104+05:30  INFO 34648 --- [backendPatientsRecordSystem] [restartedMain] com.zaxxer.hikari.pool.HikariPool        : HikariPool-6 - Added connection com.mysql.cj.jdbc.ConnectionImpl@79e4182d
2024-05-02T11:21:05.104+05:30  INFO 34648 --- [backendPatientsRecordSystem] [restartedMain] com.zaxxer.hikari.HikariDataSource       : HikariPool-6 - Start completed.
2024-05-02T11:21:05.151+05:30  INFO 34648 --- [backendPatientsRecordSystem] [restartedMain] o.h.e.t.j.p.i.JtaPlatformInitiator       : HHH000489: No JTA platform available (set 'hibernate.transaction.jta.platform' to enable JTA platform integration)
2024-05-02T11:21:05.167+05:30  INFO 34648 --- [backendPatientsRecordSystem] [restartedMain] j.LocalContainerEntityManagerFactoryBean : Initialized JPA EntityManagerFactory for persistence unit 'default'
2024-05-02T11:21:05.231+05:30  WARN 34648 --- [backendPatientsRecordSystem] [restartedMain] JpaBaseConfiguration$JpaWebConfiguration : spring.jpa.open-in-view is enabled by default. Therefore, database queries may be performed during view rendering. Explicitly configure spring.jpa.open-in-view to disable this warning
2024-05-02T11:21:05.343+05:30  INFO 34648 --- [backendPatientsRecordSystem] [restartedMain] o.s.b.d.a.OptionalLiveReloadServer       : LiveReload server is running on port 35729
2024-05-02T11:21:05.343+05:30  INFO 34648 --- [backendPatientsRecordSystem] [restartedMain] o.s.b.w.embedded.tomcat.TomcatWebServer  : Tomcat started on port 8080 (http) with context path ''
2024-05-02T11:21:05.343+05:30  INFO 34648 --- [backendPatientsRecordSystem] [restartedMain] b.BackendPatientsRecordSystemApplication : Started BackendPatientsRecordSystemApplication in 0.439 seconds (process running for 1219.93)
2024-05-02T11:21:05.343+05:30  INFO 34648 --- [backendPatientsRecordSystem] [restartedMain] .ConditionEvaluationDeltaLoggingListener : Condition evaluation unchanged
2024-05-02T11:25:07.735+05:30  WARN 34648 --- [backendPatientsRecordSystem] [HikariPool-6 housekeeper] com.zaxxer.hikari.pool.HikariPool        : HikariPool-6 - Thread starvation or clock leap detected (housekeeper delta=4m2s505ms187µs300ns).
